<?xml version="1.0" encoding="UTF-8"?>
<!-- Generated by org.testng.reporters.JUnitXMLReporter -->
<testsuite ignored="0" hostname="kali" failures="0" tests="6" name="Default test" time="25.816" errors="0" timestamp="2024-04-13T11:22:58 IST">
  <testcase classname="api.test.DDTests" name="testPostUser" time="11.156"/>
  <testcase classname="api.test.DDTests" name="testPostUser" time="1.404"/>
  <testcase classname="api.test.DDTests" name="testPostUser" time="1.366"/>
  <testcase classname="api.test.DDTests" name="testDeleteUserByName" time="1.391"/>
  <testcase classname="api.test.DDTests" name="testDeleteUserByName" time="1.279"/>
  <testcase classname="api.test.DDTests" name="testDeleteUserByName" time="1.323"/>
</testsuite> <!-- Default test -->
