<?xml version="1.0" encoding="UTF-8"?>
<testng-results ignored="0" total="4" passed="4" failed="0" skipped="0">
  <reporter-output>
  </reporter-output>
  <suite started-at="2024-04-20T19:28:17 IST" name="PetSuite" finished-at="2024-04-20T19:28:35 IST" duration-ms="18172">
    <groups>
    </groups>
    <test started-at="2024-04-20T19:28:17 IST" name="PetTests" finished-at="2024-04-20T19:28:35 IST" duration-ms="18172">
      <class name="api.test.UserTests2">
        <test-method is-config="true" signature="setup()[pri:0, instance:api.test.UserTests2@2b6faea6]" started-at="2024-04-20T19:28:17 IST" name="setup" finished-at="2024-04-20T19:28:20 IST" duration-ms="3339" status="PASS">
          <reporter-output>
          </reporter-output>
        </test-method> <!-- setup -->
        <test-method signature="testPostUser()[pri:1, instance:api.test.UserTests2@2b6faea6]" started-at="2024-04-20T19:28:20 IST" name="testPostUser" finished-at="2024-04-20T19:28:30 IST" duration-ms="9219" status="PASS">
          <reporter-output>
          </reporter-output>
        </test-method> <!-- testPostUser -->
        <test-method signature="testGetUser()[pri:2, instance:api.test.UserTests2@2b6faea6]" started-at="2024-04-20T19:28:30 IST" name="testGetUser" finished-at="2024-04-20T19:28:31 IST" duration-ms="1506" status="PASS">
          <reporter-output>
          </reporter-output>
        </test-method> <!-- testGetUser -->
        <test-method signature="testUpdateUserByName()[pri:3, instance:api.test.UserTests2@2b6faea6]" started-at="2024-04-20T19:28:31 IST" name="testUpdateUserByName" finished-at="2024-04-20T19:28:34 IST" duration-ms="2775" status="PASS">
          <reporter-output>
          </reporter-output>
        </test-method> <!-- testUpdateUserByName -->
        <test-method signature="testDeleteUserByName()[pri:4, instance:api.test.UserTests2@2b6faea6]" started-at="2024-04-20T19:28:34 IST" name="testDeleteUserByName" finished-at="2024-04-20T19:28:35 IST" duration-ms="1190" status="PASS">
          <reporter-output>
          </reporter-output>
        </test-method> <!-- testDeleteUserByName -->
      </class> <!-- api.test.UserTests2 -->
    </test> <!-- PetTests -->
  </suite> <!-- PetSuite -->
</testng-results>
