<?xml version="1.0" encoding="UTF-8"?>
<testng-results ignored="0" total="4" passed="4" failed="0" skipped="0">
  <reporter-output>
  </reporter-output>
  <suite started-at="2024-04-20T17:19:26 IST" name="PetSuite" finished-at="2024-04-20T17:19:43 IST" duration-ms="16959">
    <groups>
    </groups>
    <test started-at="2024-04-20T17:19:26 IST" name="PetTests" finished-at="2024-04-20T17:19:43 IST" duration-ms="16959">
      <class name="api.test.UserTests2">
        <test-method is-config="true" signature="setup()[pri:0, instance:api.test.UserTests2@6e20b53a]" started-at="2024-04-20T17:19:26 IST" name="setup" finished-at="2024-04-20T17:19:29 IST" duration-ms="3622" status="PASS">
          <reporter-output>
          </reporter-output>
        </test-method> <!-- setup -->
        <test-method signature="testPostUser()[pri:1, instance:api.test.UserTests2@6e20b53a]" started-at="2024-04-20T17:19:29 IST" name="testPostUser" finished-at="2024-04-20T17:19:37 IST" duration-ms="7800" status="PASS">
          <reporter-output>
          </reporter-output>
        </test-method> <!-- testPostUser -->
        <test-method signature="testGetUser()[pri:2, instance:api.test.UserTests2@6e20b53a]" started-at="2024-04-20T17:19:37 IST" name="testGetUser" finished-at="2024-04-20T17:19:39 IST" duration-ms="1475" status="PASS">
          <reporter-output>
          </reporter-output>
        </test-method> <!-- testGetUser -->
        <test-method signature="testUpdateUserByName()[pri:3, instance:api.test.UserTests2@6e20b53a]" started-at="2024-04-20T17:19:39 IST" name="testUpdateUserByName" finished-at="2024-04-20T17:19:41 IST" duration-ms="2587" status="PASS">
          <reporter-output>
          </reporter-output>
        </test-method> <!-- testUpdateUserByName -->
        <test-method signature="testDeleteUserByName()[pri:4, instance:api.test.UserTests2@6e20b53a]" started-at="2024-04-20T17:19:41 IST" name="testDeleteUserByName" finished-at="2024-04-20T17:19:43 IST" duration-ms="1348" status="PASS">
          <reporter-output>
          </reporter-output>
        </test-method> <!-- testDeleteUserByName -->
      </class> <!-- api.test.UserTests2 -->
    </test> <!-- PetTests -->
  </suite> <!-- PetSuite -->
</testng-results>
