<?xml version="1.0" encoding="UTF-8"?>
<!-- Generated by org.testng.reporters.JUnitXMLReporter -->
<testsuite ignored="0" hostname="kali" failures="0" tests="4" name="PetTests" time="16.959" errors="0" timestamp="2024-04-20T17:19:43 IST">
  <testcase classname="api.test.UserTests2" name="testPostUser" time="7.8"/>
  <testcase classname="api.test.UserTests2" name="testGetUser" time="1.475"/>
  <testcase classname="api.test.UserTests2" name="testUpdateUserByName" time="2.587"/>
  <testcase classname="api.test.UserTests2" name="testDeleteUserByName" time="1.348"/>
</testsuite> <!-- PetTests -->
